#
# There is insufficient memory for the Java Runtime Environment to continue.
# Native memory allocation (malloc) failed to allocate 1048576 bytes for AllocateHeap
# Possible reasons:
#   The system is out of physical RAM or swap space
#   In 32 bit mode, the process size limit was hit
# Possible solutions:
#   Reduce memory load on the system
#   Increase physical memory or swap space
#   Check if swap backing store is full
#   Use 64 bit Java on a 64 bit OS
#   Decrease Java heap size (-Xmx/-Xms)
#   Decrease number of Java threads
#   Decrease Java thread stack sizes (-Xss)
#   Set larger code cache with -XX:ReservedCodeCacheSize=
# This output file may be truncated or incomplete.
#
#  Out of Memory Error (memory/allocation.inline.hpp:61), pid=17060, tid=12552
#
# JRE version:  (8.0_74-b02) (build )
# Java VM: Java HotSpot(TM) 64-Bit Server VM (25.74-b02 mixed mode windows-amd64 compressed oops)
# Failed to write core dump. Minidumps are not enabled by default on client versions of Windows
#

---------------  T H R E A D  ---------------

Current thread (0x0000000002a40800):  JavaThread "Unknown thread" [_thread_in_vm, id=12552, stack(0x0000000002940000,0x0000000002a40000)]

Stack: [0x0000000002940000,0x0000000002a40000]
[error occurred during error reporting (printing stack bounds), id 0xc0000005]

Native frames: (J=compiled Java code, j=interpreted, Vv=VM code, C=native code)


---------------  P R O C E S S  ---------------

Java Threads: ( => current thread )

Other Threads:

=>0x0000000002a40800 (exited) JavaThread "Unknown thread" [_thread_in_vm, id=12552, stack(0x0000000002940000,0x0000000002a40000)]

VM state:not at safepoint (normal execution)

VM Mutex/Monitor currently owned by a thread: None

Heap:
 PSYoungGen      total 75264K, used 1290K [0x000000076c800000, 0x0000000771c00000, 0x00000007c0000000)
  eden space 64512K, 2% used [0x000000076c800000,0x000000076c942900,0x0000000770700000)
  from space 10752K, 0% used [0x0000000771180000,0x0000000771180000,0x0000000771c00000)
  to   space 10752K, 0% used [0x0000000770700000,0x0000000770700000,0x0000000771180000)
 ParOldGen       total 172032K, used 0K [0x00000006c5800000, 0x00000006d0000000, 0x000000076c800000)
  object space 172032K, 0% used [0x00000006c5800000,0x00000006c5800000,0x00000006d0000000)
 Metaspace       used 769K, capacity 4480K, committed 4480K, reserved 1056768K
  class space    used 75K, capacity 384K, committed 384K, reserved 1048576K

Card table byte_map: [0x0000000011f00000,0x00000000126e0000] byte_map_base: 0x000000000e8d4000

Marking Bits: (ParMarkBitMap*) 0x0000000067610600
 Begin Bits: [0x0000000013420000, 0x00000000172c0000)
 End Bits:   [0x00000000172c0000, 0x000000001b160000)

Polling page: 0x0000000000fc0000

CodeCache: size=245760Kb used=328Kb max_used=328Kb free=245431Kb
 bounds [0x0000000002b40000, 0x0000000002db0000, 0x0000000011b40000]
 total_blobs=58 nmethods=0 adapters=38
 compilation: enabled

Compilation events (0 events):
No events

GC Heap History (0 events):
No events

Deoptimization events (0 events):
No events

Internal exceptions (0 events):
No events

Events (10 events):
Event: 0.017 loading class java/lang/Short
Event: 0.017 loading class java/lang/Short done
Event: 0.017 loading class java/lang/Integer
Event: 0.017 loading class java/lang/Integer done
Event: 0.017 loading class java/lang/Long
Event: 0.017 loading class java/lang/Long done
Event: 0.018 loading class java/lang/NullPointerException
Event: 0.018 loading class java/lang/NullPointerException done
Event: 0.018 loading class java/lang/ArithmeticException
Event: 0.018 loading class java/lang/ArithmeticException done


Dynamic libraries:
0x00007ff6daba0000 - 0x00007ff6dabd7000 	C:\Program Files\Java\jdk1.8.0_74\bin\java.exe
0x00007ffb0e140000 - 0x00007ffb0e321000 	C:\WINDOWS\SYSTEM32\ntdll.dll
0x00007ffb0d080000 - 0x00007ffb0d132000 	C:\WINDOWS\System32\KERNEL32.DLL
0x00007ffb0a870000 - 0x00007ffb0aae3000 	C:\WINDOWS\System32\KERNELBASE.dll
0x00007ffb0d680000 - 0x00007ffb0d721000 	C:\WINDOWS\System32\ADVAPI32.dll
0x00007ffb0e070000 - 0x00007ffb0e10e000 	C:\WINDOWS\System32\msvcrt.dll
0x00007ffb0d8b0000 - 0x00007ffb0d90b000 	C:\WINDOWS\System32\sechost.dll
0x00007ffb0ccc0000 - 0x00007ffb0cde4000 	C:\WINDOWS\System32\RPCRT4.dll
0x00007ffb0cab0000 - 0x00007ffb0cc40000 	C:\WINDOWS\System32\USER32.dll
0x00007ffb0a5b0000 - 0x00007ffb0a5d0000 	C:\WINDOWS\System32\win32u.dll
0x00007ffb0de10000 - 0x00007ffb0de38000 	C:\WINDOWS\System32\GDI32.dll
0x00007ffb0a5d0000 - 0x00007ffb0a762000 	C:\WINDOWS\System32\gdi32full.dll
0x00007ffb0a510000 - 0x00007ffb0a5af000 	C:\WINDOWS\System32\msvcp_win.dll
0x00007ffb0b2e0000 - 0x00007ffb0b3da000 	C:\WINDOWS\System32\ucrtbase.dll
0x00007ffafd250000 - 0x00007ffafd4b9000 	C:\WINDOWS\WinSxS\amd64_microsoft.windows.common-controls_6595b64144ccf1df_6.0.17134.590_none_fb3d9bff3069e088\COMCTL32.dll
0x00007ffb0d1a0000 - 0x00007ffb0d4c2000 	C:\WINDOWS\System32\combase.dll
0x00007ffb0aaf0000 - 0x00007ffb0ab6a000 	C:\WINDOWS\System32\bcryptPrimitives.dll
0x00007ffb0dee0000 - 0x00007ffb0df0d000 	C:\WINDOWS\System32\IMM32.DLL
0x0000000066d20000 - 0x0000000066df2000 	C:\Program Files\Java\jdk1.8.0_74\jre\bin\msvcr100.dll
0x0000000066e00000 - 0x0000000067690000 	C:\Program Files\Java\jdk1.8.0_74\jre\bin\server\jvm.dll
0x00007ffb0de50000 - 0x00007ffb0de58000 	C:\WINDOWS\System32\PSAPI.DLL
0x00007ffb06270000 - 0x00007ffb06293000 	C:\WINDOWS\SYSTEM32\WINMM.dll
0x00007ffafaa40000 - 0x00007ffafaa49000 	C:\WINDOWS\SYSTEM32\WSOCK32.dll
0x00007ffafee90000 - 0x00007ffafee9a000 	C:\WINDOWS\SYSTEM32\VERSION.dll
0x00007ffb0de70000 - 0x00007ffb0dedc000 	C:\WINDOWS\System32\WS2_32.dll
0x00007ffb06100000 - 0x00007ffb0612a000 	C:\WINDOWS\SYSTEM32\winmmbase.dll
0x00007ffb0a820000 - 0x00007ffb0a869000 	C:\WINDOWS\System32\cfgmgr32.dll
0x0000000066cd0000 - 0x0000000066cdf000 	C:\Program Files\Java\jdk1.8.0_74\jre\bin\verify.dll
0x0000000066ca0000 - 0x0000000066cc9000 	C:\Program Files\Java\jdk1.8.0_74\jre\bin\java.dll
0x0000000066c80000 - 0x0000000066c96000 	C:\Program Files\Java\jdk1.8.0_74\jre\bin\zip.dll

VM Arguments:
jvm_args: -Dfile.encoding=UTF-8 
java_command: project.main
java_class_path (initial): C:\Users\DELL\Documents\NetBeansProjects\project\build\classes
Launcher Type: SUN_STANDARD

Environment Variables:
PATH=C:\ProgramData\Oracle\Java\javapath;C:\Program Files (x86)\Intel\Intel(R) Management Engine Components\iCLS\;C:\Program Files\Intel\Intel(R) Management Engine Components\iCLS\;C:\Windows\system32;C:\Windows;C:\Windows\System32\Wbem;C:\Windows\System32\WindowsPowerShell\v1.0\;C:\Program Files (x86)\Intel\Intel(R) Management Engine Components\DAL;C:\Program Files\Intel\Intel(R) Management Engine Components\DAL;C:\Program Files (x86)\Intel\Intel(R) Management Engine Components\IPT;C:\Program Files\Intel\Intel(R) Management Engine Components\IPT;C:\Program Files (x86)\NVIDIA Corporation\PhysX\Common;C:\Program Files\MATLAB\R2017a\runtime\win64;C:\Program Files\MATLAB\R2017a\bin;C:\Program Files (x86)\Skype\Phone\;C:\WINDOWS\system32;C:\WINDOWS;C:\WINDOWS\System32\Wbem;C:\WINDOWS\System32\WindowsPowerShell\v1.0\;C:\WINDOWS\System32\OpenSSH\;C:\Program Files\Intel\WiFi\bin\;C:\Program Files\Common Files\Intel\WirelessCommon\;C:\Program Files\Intel\WiFi\bin\;C:\Program Files\Common Files\Intel\WirelessCommon\;%USERPROFILE%\AppData\Local\Microsoft\WindowsApps;
USERNAME=DELL
OS=Windows_NT
PROCESSOR_IDENTIFIER=Intel64 Family 6 Model 158 Stepping 9, GenuineIntel



---------------  S Y S T E M  ---------------

OS: Windows 10.0 , 64 bit Build 17134 (10.0.17134.556)

CPU:total 8 (4 cores per cpu, 2 threads per core) family 6 model 158 stepping 9, cmov, cx8, fxsr, mmx, sse, sse2, sse3, ssse3, sse4.1, sse4.2, popcnt, avx, avx2, aes, clmul, erms, 3dnowpref, lzcnt, ht, tsc, tscinvbit, bmi1, bmi2, adx

Memory: 4k page, physical 16409528k(10439792k free), swap 31912612k(5436k free)

vm_info: Java HotSpot(TM) 64-Bit Server VM (25.74-b02) for windows-amd64 JRE (1.8.0_74-b02), built on Jan 29 2016 17:42:36 by "java_re" with MS VC++ 10.0 (VS2010)

time: Mon Mar 11 10:56:16 2019
elapsed time: 0 seconds (0d 0h 0m 0s)

